[33m[NOTE](B[m Installing cliphist ...
Reading package lists...Reading package lists...

Building dependency tree...Building dependency tree...
Reading state information...
Reading state information...

E: Unable to locate package cliphist
E: Unable to locate package cliphist
[1A[K[31m[ERROR](B[m cliphist failed to install :( , please check the install.log. You may need to install manually! Sorry, I have tried :(
[32m[OK](B[m grim is already installed. Skipping...
[32m[OK](B[m gvfs is already installed. Skipping...
[32m[OK](B[m gvfs-backends is already installed. Skipping...
[32m[OK](B[m imagemagick is already installed. Skipping...
[32m[OK](B[m kitty is already installed. Skipping...
[32m[OK](B[m nano is already installed. Skipping...
[32m[OK](B[m pavucontrol is already installed. Skipping...
[32m[OK](B[m playerctl is already installed. Skipping...
[32m[OK](B[m polkit-kde-agent-1 is already installed. Skipping...
[32m[OK](B[m python3-requests is already installed. Skipping...
[32m[OK](B[m python3-pip is already installed. Skipping...
[32m[OK](B[m qt5ct is already installed. Skipping...
[32m[OK](B[m qt5-style-kvantum is already installed. Skipping...
[32m[OK](B[m qt5-style-kvantum-themes is already installed. Skipping...
[32m[OK](B[m qt6ct is already installed. Skipping...
[32m[OK](B[m slurp is already installed. Skipping...
[32m[OK](B[m sway-notification-center is already installed. Skipping...
[32m[OK](B[m waybar is already installed. Skipping...
[32m[OK](B[m wget is already installed. Skipping...
[32m[OK](B[m wl-clipboard is already installed. Skipping...
[32m[OK](B[m wlogout is already installed. Skipping...
[32m[OK](B[m xdg-user-dirs is already installed. Skipping...
[32m[OK](B[m xdg-utils is already installed. Skipping...
[32m[OK](B[m yad is already installed. Skipping...
[32m[OK](B[m brightnessctl is already installed. Skipping...
[32m[OK](B[m btop is already installed. Skipping...
[32m[OK](B[m cava is already installed. Skipping...
[32m[OK](B[m eog is already installed. Skipping...
[32m[OK](B[m gnome-system-monitor is already installed. Skipping...
[32m[OK](B[m mousepad is already installed. Skipping...
[32m[OK](B[m mpv is already installed. Skipping...
[32m[OK](B[m mpv-mpris is already installed. Skipping...
[32m[OK](B[m nvtop is already installed. Skipping...
[32m[OK](B[m pamixer is already installed. Skipping...
[32m[OK](B[m swayidle is already installed. Skipping...
[32m[OK](B[m vim is already installed. Skipping...
Requirement already satisfied: pywal in /usr/local/lib/python3.11/dist-packages (3.3.0)
WARNING: Running pip as the 'root' user can result in broken permissions and conflicting behaviour with the system package manager. It is recommended to use a virtual environment instead: https://pip.pypa.io/warnings/venv
