   Compiling proc-macro2 v1.0.76
   Compiling cfg-if v1.0.0
   Compiling unicode-ident v1.0.12
   Compiling autocfg v1.1.0
   Compiling libc v0.2.152
   Compiling pkg-config v0.3.28
   Compiling bitflags v2.4.1
   Compiling crossbeam-utils v0.8.19
   Compiling bitflags v1.3.2
   Compiling smallvec v1.12.0
   Compiling libloading v0.8.1
   Compiling log v0.4.20
   Compiling memoffset v0.7.1
   Compiling dlib v0.5.2
   Compiling simd-adler32 v0.3.7
   Compiling rayon-core v1.12.0
   Compiling syn v1.0.109
   Compiling memchr v2.7.1
   Compiling wayland-sys v0.31.1
   Compiling libm v0.2.8
   Compiling quote v1.0.35
   Compiling crossbeam-epoch v0.9.18
   Compiling scoped-tls v1.0.1
   Compiling utf8parse v0.2.1
   Compiling syn v2.0.48
   Compiling downcast-rs v1.2.0
   Compiling cc v1.0.83
   Compiling version_check v0.9.4
   Compiling rustix v0.38.30
   Compiling crossbeam-deque v0.8.5
   Compiling quick-xml v0.30.0
   Compiling ahash v0.7.8
   Compiling anstyle-parse v0.2.3
   Compiling lock_api v0.4.11
   Compiling num-traits v0.2.17
   Compiling linux-raw-sys v0.4.12
   Compiling anstyle v1.0.4
   Compiling getrandom v0.2.12
   Compiling nix v0.26.4
   Compiling anstyle-query v1.0.2
   Compiling heck v0.4.1
   Compiling adler v1.0.2
   Compiling crc32fast v1.3.2
   Compiling colorchoice v1.0.0
   Compiling anstream v0.6.7
   Compiling wayland-scanner v0.31.0
   Compiling miniz_oxide v0.7.1
   Compiling wayland-backend v0.3.2
   Compiling strsim v0.10.0
   Compiling thiserror v1.0.56
   Compiling clap_lex v0.6.0
   Compiling once_cell v1.19.0
   Compiling scopeguard v1.2.0
   Compiling either v1.9.0
   Compiling rayon v1.8.0
   Compiling clap_builder v4.4.16
   Compiling rkyv v0.7.43
   Compiling wayland-client v0.31.1
   Compiling flate2 v1.0.28
   Compiling spin v0.9.8
   Compiling hashbrown v0.12.3
   Compiling clap_derive v4.4.7
   Compiling thiserror-impl v1.0.56
   Compiling utils v0.8.2-master (/home/teiyou/Downloads/Debian-Hyprland/swww/utils)
   Compiling time-core v0.1.2
   Compiling ptr_meta_derive v0.1.4
   Compiling rkyv_derive v0.7.43
   Compiling weezl v0.1.7
   Compiling powerfmt v0.2.0
   Compiling seahash v4.1.0
   Compiling ptr_meta v0.1.4
   Compiling deranged v0.3.11
   Compiling time-macros v0.2.16
   Compiling jpeg-decoder v0.3.1
   Compiling wayland-protocols v0.31.0
   Compiling flume v0.11.0
   Compiling terminal_size v0.3.0
   Compiling rand_core v0.6.4
   Compiling zune-inflate v0.2.54
   Compiling fdeflate v0.3.3
   Compiling clap v4.4.16
   Compiling cursor-icon v1.1.0
   Compiling clap_complete v4.4.6
   Compiling bit_field v0.10.2
   Compiling smithay-client-toolkit v0.18.0
   Compiling color_quant v1.1.0
   Compiling half v2.2.1
   Compiling xcursor v0.3.5
   Compiling num_threads v0.1.6
   Compiling lebe v0.5.2
   Compiling ppv-lite86 v0.2.17
   Compiling itoa v1.0.10
   Compiling bytemuck v1.14.0
   Compiling time v0.3.31
   Compiling qoi v0.4.1
   Compiling rand_chacha v0.3.1
   Compiling swww v0.8.2-master (/home/teiyou/Downloads/Debian-Hyprland/swww)
   Compiling exr v1.71.0
   Compiling wayland-cursor v0.31.0
   Compiling gif v0.12.0
   Compiling png v0.17.11
   Compiling wayland-csd-frame v0.3.0
   Compiling tiff v0.9.1
   Compiling memmap2 v0.9.3
   Compiling wayland-protocols-wlr v0.2.0
   Compiling xkeysym v0.2.0
   Compiling byteorder v1.5.0
   Compiling termcolor v1.1.3
   Compiling mint v0.5.9
   Compiling simplelog v0.12.1
   Compiling keyframe v1.1.1
   Compiling image v0.24.8
warning: swww@0.8.2-master: generated shell completion file: "completions/swww.bash"
warning: swww@0.8.2-master: generated shell completion file: "completions/_swww"
warning: swww@0.8.2-master: generated shell completion file: "completions/swww.fish"
warning: swww@0.8.2-master: generated shell completion file: "completions/swww.elv"
   Compiling rand v0.8.5
   Compiling fast_image_resize v2.7.3
   Compiling nix v0.27.1
   Compiling sd-notify v0.4.1
   Compiling spin_sleep v1.2.0
   Compiling swww-daemon v0.8.2-master (/home/teiyou/Downloads/Debian-Hyprland/swww/daemon)
    Finished release [optimized] target(s) in 1m 03s
