From https://github.com/lbonn/rofi
 * branch              master     -> FETCH_HEAD
Already up-to-date.
ninja: Entering directory `build'
[1/4] Generating subprojects/libnkutils/core/nkutils-git-version.h with a custom command
[1/2] Installing files.
Installing rofi to /usr/local/bin
Installing /home/teiyou/Downloads/Debian-Hyprland/rofi/include/mode.h to /usr/local/include/rofi
Installing /home/teiyou/Downloads/Debian-Hyprland/rofi/include/mode-private.h to /usr/local/include/rofi
Installing /home/teiyou/Downloads/Debian-Hyprland/rofi/include/helper.h to /usr/local/include/rofi
Installing /home/teiyou/Downloads/Debian-Hyprland/rofi/include/rofi-types.h to /usr/local/include/rofi
Installing /home/teiyou/Downloads/Debian-Hyprland/rofi/include/rofi-icon-fetcher.h to /usr/local/include/rofi
Installing /home/teiyou/Downloads/Debian-Hyprland/rofi/doc/rofi.1 to /usr/local/share/man/man1
Installing /home/teiyou/Downloads/Debian-Hyprland/rofi/doc/rofi-theme-selector.1 to /usr/local/share/man/man1
Installing /home/teiyou/Downloads/Debian-Hyprland/rofi/doc/rofi-sensible-terminal.1 to /usr/local/share/man/man1
Installing /home/teiyou/Downloads/Debian-Hyprland/rofi/doc/rofi-script.5 to /usr/local/share/man/man5
Installing /home/teiyou/Downloads/Debian-Hyprland/rofi/doc/rofi-theme.5 to /usr/local/share/man/man5
Installing /home/teiyou/Downloads/Debian-Hyprland/rofi/doc/rofi-debugging.5 to /usr/local/share/man/man5
Installing /home/teiyou/Downloads/Debian-Hyprland/rofi/doc/rofi-dmenu.5 to /usr/local/share/man/man5
Installing /home/teiyou/Downloads/Debian-Hyprland/rofi/doc/rofi-keys.5 to /usr/local/share/man/man5
Installing /home/teiyou/Downloads/Debian-Hyprland/rofi/script/rofi-sensible-terminal to /usr/local/bin
Installing /home/teiyou/Downloads/Debian-Hyprland/rofi/script/rofi-theme-selector to /usr/local/bin
Installing /home/teiyou/Downloads/Debian-Hyprland/rofi/data/rofi-theme-selector.desktop to /usr/local/share/applications
Installing /home/teiyou/Downloads/Debian-Hyprland/rofi/data/rofi.desktop to /usr/local/share/applications
Installing /home/teiyou/Downloads/Debian-Hyprland/rofi/data/rofi.svg to /usr/local/share/icons/hicolor/scalable/apps
Installing /home/teiyou/Downloads/Debian-Hyprland/rofi/themes/Adapta-Nokto.rasi to /usr/local/share/rofi/themes
Installing /home/teiyou/Downloads/Debian-Hyprland/rofi/themes/Arc.rasi to /usr/local/share/rofi/themes
Installing /home/teiyou/Downloads/Debian-Hyprland/rofi/themes/Arc-Dark.rasi to /usr/local/share/rofi/themes
Installing /home/teiyou/Downloads/Debian-Hyprland/rofi/themes/DarkBlue.rasi to /usr/local/share/rofi/themes
Installing /home/teiyou/Downloads/Debian-Hyprland/rofi/themes/Indego.rasi to /usr/local/share/rofi/themes
Installing /home/teiyou/Downloads/Debian-Hyprland/rofi/themes/Monokai.rasi to /usr/local/share/rofi/themes
Installing /home/teiyou/Downloads/Debian-Hyprland/rofi/themes/Paper.rasi to /usr/local/share/rofi/themes
Installing /home/teiyou/Downloads/Debian-Hyprland/rofi/themes/android_notification.rasi to /usr/local/share/rofi/themes
Installing /home/teiyou/Downloads/Debian-Hyprland/rofi/themes/arthur.rasi to /usr/local/share/rofi/themes
Installing /home/teiyou/Downloads/Debian-Hyprland/rofi/themes/blue.rasi to /usr/local/share/rofi/themes
Installing /home/teiyou/Downloads/Debian-Hyprland/rofi/themes/c64.rasi to /usr/local/share/rofi/themes
Installing /home/teiyou/Downloads/Debian-Hyprland/rofi/themes/dmenu.rasi to /usr/local/share/rofi/themes
Installing /home/teiyou/Downloads/Debian-Hyprland/rofi/themes/docu.rasi to /usr/local/share/rofi/themes
Installing /home/teiyou/Downloads/Debian-Hyprland/rofi/themes/glue_pro_blue.rasi to /usr/local/share/rofi/themes
Installing /home/teiyou/Downloads/Debian-Hyprland/rofi/themes/gruvbox-common.rasinc to /usr/local/share/rofi/themes
Installing /home/teiyou/Downloads/Debian-Hyprland/rofi/themes/gruvbox-dark-hard.rasi to /usr/local/share/rofi/themes
Installing /home/teiyou/Downloads/Debian-Hyprland/rofi/themes/gruvbox-dark-soft.rasi to /usr/local/share/rofi/themes
Installing /home/teiyou/Downloads/Debian-Hyprland/rofi/themes/gruvbox-dark.rasi to /usr/local/share/rofi/themes
Installing /home/teiyou/Downloads/Debian-Hyprland/rofi/themes/gruvbox-light-hard.rasi to /usr/local/share/rofi/themes
Installing /home/teiyou/Downloads/Debian-Hyprland/rofi/themes/gruvbox-light-soft.rasi to /usr/local/share/rofi/themes
Installing /home/teiyou/Downloads/Debian-Hyprland/rofi/themes/gruvbox-light.rasi to /usr/local/share/rofi/themes
Installing /home/teiyou/Downloads/Debian-Hyprland/rofi/themes/lb.rasi to /usr/local/share/rofi/themes
Installing /home/teiyou/Downloads/Debian-Hyprland/rofi/themes/paper-float.rasi to /usr/local/share/rofi/themes
Installing /home/teiyou/Downloads/Debian-Hyprland/rofi/themes/purple.rasi to /usr/local/share/rofi/themes
Installing /home/teiyou/Downloads/Debian-Hyprland/rofi/themes/sidebar.rasi to /usr/local/share/rofi/themes
Installing /home/teiyou/Downloads/Debian-Hyprland/rofi/themes/sidebar-v2.rasi to /usr/local/share/rofi/themes
Installing /home/teiyou/Downloads/Debian-Hyprland/rofi/themes/solarized.rasi to /usr/local/share/rofi/themes
Installing /home/teiyou/Downloads/Debian-Hyprland/rofi/themes/solarized_alternate.rasi to /usr/local/share/rofi/themes
Installing /home/teiyou/Downloads/Debian-Hyprland/rofi/themes/fancy.rasi to /usr/local/share/rofi/themes
Installing /home/teiyou/Downloads/Debian-Hyprland/rofi/themes/fancy2.rasi to /usr/local/share/rofi/themes
Installing /home/teiyou/Downloads/Debian-Hyprland/rofi/themes/iggy.rasi to /usr/local/share/rofi/themes
Installing /home/teiyou/Downloads/Debian-Hyprland/rofi/themes/material.rasi to /usr/local/share/rofi/themes
Installing /home/teiyou/Downloads/Debian-Hyprland/rofi/themes/iggy.jpg to /usr/local/share/rofi/themes
Installing /home/teiyou/Downloads/Debian-Hyprland/rofi/themes/fullscreen-preview.rasi to /usr/local/share/rofi/themes
Installing /home/teiyou/Downloads/Debian-Hyprland/rofi/build/meson-private/rofi.pc to /usr/local/lib/x86_64-linux-gnu/pkgconfig
[32m[OK](B[m rofi-wayland installed successfully.
