[32m[OK](B[m build-essential is already installed. Skipping...
[32m[OK](B[m cmake is already installed. Skipping...
[32m[OK](B[m cmake-extras is already installed. Skipping...
[32m[OK](B[m curl is already installed. Skipping...
[32m[OK](B[m gettext is already installed. Skipping...
[32m[OK](B[m gir1.2-graphene-1.0 is already installed. Skipping...
[32m[OK](B[m git is already installed. Skipping...
[32m[OK](B[m glslang-tools is already installed. Skipping...
[32m[OK](B[m gobject-introspection is already installed. Skipping...
[32m[OK](B[m golang is already installed. Skipping...
[32m[OK](B[m hwdata is already installed. Skipping...
[32m[OK](B[m jq is already installed. Skipping...
[32m[OK](B[m libavcodec-dev is already installed. Skipping...
[32m[OK](B[m libavformat-dev is already installed. Skipping...
[32m[OK](B[m libavutil-dev is already installed. Skipping...
[32m[OK](B[m libcairo2-dev is already installed. Skipping...
[32m[OK](B[m libdeflate-dev is already installed. Skipping...
[32m[OK](B[m libdisplay-info-dev is already installed. Skipping...
[32m[OK](B[m libdrm-dev is already installed. Skipping...
[32m[OK](B[m libegl1-mesa-dev is already installed. Skipping...
[32m[OK](B[m libgbm-dev is already installed. Skipping...
[32m[OK](B[m libgdk-pixbuf-2.0-dev is already installed. Skipping...
[32m[OK](B[m libgdk-pixbuf2.0-bin is already installed. Skipping...
[32m[OK](B[m libgirepository1.0-dev is already installed. Skipping...
[32m[OK](B[m libgl1-mesa-dev is already installed. Skipping...
[32m[OK](B[m libgraphene-1.0-0 is already installed. Skipping...
[32m[OK](B[m libgraphene-1.0-dev is already installed. Skipping...
[32m[OK](B[m libgtk-3-dev is already installed. Skipping...
[32m[OK](B[m libgulkan-0.15-0 is already installed. Skipping...
[32m[OK](B[m libgulkan-dev is already installed. Skipping...
[32m[OK](B[m libinih-dev is already installed. Skipping...
[32m[OK](B[m libinput-dev is already installed. Skipping...
[32m[OK](B[m libjbig-dev is already installed. Skipping...
[32m[OK](B[m libjpeg-dev is already installed. Skipping...
[33m[NOTE](B[m Installing libjpeg62-turbo-dev ...
Reading package lists...Reading package lists...

Building dependency tree...Building dependency tree...
Reading state information...
Reading state information...

E: Unable to locate package libjpeg62-turbo-dev
E: Unable to locate package libjpeg62-turbo-dev
[1A[K[31m[ERROR](B[m libjpeg62-turbo-dev failed to install :( , please check the install.log. You may need to install manually! Sorry, I have tried :(
[32m[OK](B[m liblerc-dev is already installed. Skipping...
[32m[OK](B[m libliftoff-dev is already installed. Skipping...
[32m[OK](B[m liblzma-dev is already installed. Skipping...
[32m[OK](B[m libnotify-bin is already installed. Skipping...
[32m[OK](B[m libpam0g-dev is already installed. Skipping...
[32m[OK](B[m libpango1.0-dev is already installed. Skipping...
[32m[OK](B[m libpipewire-0.3-dev is already installed. Skipping...
[32m[OK](B[m libqt6svg6 is already installed. Skipping...
[32m[OK](B[m libseat-dev is already installed. Skipping...
[32m[OK](B[m libstartup-notification0-dev is already installed. Skipping...
[32m[OK](B[m libswresample-dev is already installed. Skipping...
[32m[OK](B[m libsystemd-dev is already installed. Skipping...
[32m[OK](B[m libtiff-dev is already installed. Skipping...
[32m[OK](B[m libtiffxx6 is already installed. Skipping...
[32m[OK](B[m libudev-dev is already installed. Skipping...
[32m[OK](B[m libvkfft-dev is already installed. Skipping...
[32m[OK](B[m libvulkan-dev is already installed. Skipping...
[32m[OK](B[m libvulkan-volk-dev is already installed. Skipping...
[32m[OK](B[m libwayland-dev is already installed. Skipping...
[32m[OK](B[m libwebp-dev is already installed. Skipping...
[32m[OK](B[m libxcb-composite0-dev is already installed. Skipping...
[32m[OK](B[m libxcb-cursor-dev is already installed. Skipping...
[32m[OK](B[m libxcb-dri3-dev is already installed. Skipping...
[32m[OK](B[m libxcb-ewmh-dev is already installed. Skipping...
[32m[OK](B[m libxcb-icccm4-dev is already installed. Skipping...
[32m[OK](B[m libxcb-present-dev is already installed. Skipping...
[32m[OK](B[m libxcb-render-util0-dev is already installed. Skipping...
[32m[OK](B[m libxcb-res0-dev is already installed. Skipping...
[32m[OK](B[m libxcb-util-dev is already installed. Skipping...
[32m[OK](B[m libxcb-xinerama0-dev is already installed. Skipping...
[32m[OK](B[m libxcb-xinput-dev is already installed. Skipping...
[32m[OK](B[m libxcb-xkb-dev is already installed. Skipping...
[32m[OK](B[m libxkbcommon-dev is already installed. Skipping...
[32m[OK](B[m libxkbcommon-x11-dev is already installed. Skipping...
[32m[OK](B[m libxkbregistry-dev is already installed. Skipping...
[32m[OK](B[m libxml2-dev is already installed. Skipping...
[32m[OK](B[m libxxhash-dev is already installed. Skipping...
[32m[OK](B[m meson is already installed. Skipping...
[32m[OK](B[m ninja-build is already installed. Skipping...
[32m[OK](B[m openssl is already installed. Skipping...
[32m[OK](B[m psmisc is already installed. Skipping...
[32m[OK](B[m python3-mako is already installed. Skipping...
[32m[OK](B[m python3-markdown is already installed. Skipping...
[32m[OK](B[m python3-markupsafe is already installed. Skipping...
[32m[OK](B[m python3-yaml is already installed. Skipping...
[32m[OK](B[m qt6-base-dev is already installed. Skipping...
[32m[OK](B[m scdoc is already installed. Skipping...
[32m[OK](B[m seatd is already installed. Skipping...
[32m[OK](B[m spirv-tools is already installed. Skipping...
[32m[OK](B[m vulkan-validationlayers is already installed. Skipping...
[32m[OK](B[m vulkan-validationlayers-dev is already installed. Skipping...
[32m[OK](B[m wayland-protocols is already installed. Skipping...
[32m[OK](B[m xdg-desktop-portal is already installed. Skipping...
[32m[OK](B[m xwayland is already installed. Skipping...
